TN:
SF:src/modules/appointments/services/CreateAppointmentService.ts
FN:57,__decorate
FN:57,__metadata
FN:57,__param
FN:57,__awaiter
FN:57,adopt
FN:57,fulfilled
FN:57,rejected
FN:57,step
FN:57,__generator
FN:57,sent
FN:57,g.<computed>
FN:57,verb
FN:57,step
FN:57,__importDefault
FN:15,CreateAppointmentService
FN:20,CreateAppointmentService.execute
FNF:16
FNH:14
FNDA:1,__decorate
FNDA:1,__metadata
FNDA:1,__param
FNDA:7,__awaiter
FNDA:5,adopt
FNDA:5,fulfilled
FNDA:0,rejected
FNDA:7,step
FNDA:7,__generator
FNDA:5,sent
FNDA:0,g.<computed>
FNDA:21,verb
FNDA:12,step
FNDA:1,__importDefault
FNDA:5,CreateAppointmentService
FNDA:7,CreateAppointmentService.execute
DA:1,1
DA:2,1
DA:3,1
DA:4,1
DA:5,1
DA:6,1
DA:7,1
DA:8,1
DA:9,1
DA:10,1
DA:11,1
DA:12,1
DA:13,1
DA:14,1
DA:15,1
DA:16,5
DA:17,5
DA:18,5
DA:19,1
DA:20,1
DA:21,7
DA:22,7
DA:23,7
DA:24,7
DA:25,7
DA:26,7
DA:27,7
DA:28,3
DA:29,3
DA:30,4
DA:31,7
DA:32,0
DA:33,0
DA:34,4
DA:35,7
DA:36,1
DA:37,1
DA:38,1
DA:39,1
DA:40,3
DA:41,3
DA:42,3
DA:43,3
DA:44,7
DA:45,1
DA:46,1
DA:47,2
DA:48,2
DA:49,2
DA:50,2
DA:51,2
DA:52,2
DA:53,7
DA:54,7
DA:55,1
DA:56,1
DA:57,1
LF:57
LH:55
BRDA:57,0,0,1
BRDA:57,1,0,1
BRDA:57,2,0,0
BRDA:57,3,0,0
BRDA:57,4,0,0
BRDA:57,5,0,0
BRDA:57,6,0,1
BRDA:57,7,0,1
BRDA:57,8,0,1
BRDA:57,9,0,7
BRDA:57,10,0,5
BRDA:57,11,0,0
BRDA:57,12,0,7
BRDA:57,13,0,5
BRDA:57,14,0,4
BRDA:57,15,0,1
BRDA:57,16,0,7
BRDA:57,17,0,2
BRDA:57,18,0,5
BRDA:57,19,0,7
BRDA:57,20,0,5
BRDA:57,21,0,0
BRDA:57,22,0,21
BRDA:57,23,0,12
BRDA:57,24,0,12
BRDA:57,25,0,0
BRDA:57,26,0,24
BRDA:57,27,0,0
BRDA:57,28,0,0
BRDA:57,29,0,0
BRDA:57,30,0,0
BRDA:57,31,0,12
BRDA:57,32,0,12
BRDA:57,33,0,5
BRDA:57,34,0,0
BRDA:57,35,0,0
BRDA:57,36,0,7
BRDA:57,37,0,0
BRDA:57,38,0,2
BRDA:57,39,0,0
BRDA:57,40,0,0
BRDA:57,41,0,0
BRDA:57,42,0,0
BRDA:57,43,0,12
BRDA:57,44,0,7
BRDA:57,45,0,5
BRDA:57,46,0,12
BRDA:57,47,0,7
BRDA:57,48,0,5
BRDA:57,49,0,2
BRDA:57,50,0,0
BRDA:57,51,0,1
BRDA:57,52,0,0
BRDA:14,53,0,1
BRDA:15,54,0,5
BRDA:20,55,0,7
BRDA:57,56,0,7
BRDA:57,57,0,12
BRDA:57,58,0,7
BRDA:27,59,0,3
BRDA:29,60,0,4
BRDA:31,61,0,0
BRDA:33,62,0,4
BRDA:35,63,0,3
BRDA:35,64,0,1
BRDA:39,65,0,3
BRDA:57,66,0,3
BRDA:44,67,0,1
BRDA:46,68,0,2
BRDA:57,69,0,2
BRF:70
BRH:49
end_of_record
TN:
SF:src/modules/appointments/services/ListProviderDayAvailability.ts
FN:64,__decorate
FN:64,__metadata
FN:64,__param
FN:64,__awaiter
FN:64,adopt
FN:64,fulfilled
FN:64,rejected
FN:64,step
FN:64,__generator
FN:64,sent
FN:64,g.<computed>
FN:64,verb
FN:64,step
FN:20,ListProvidersDayAvailabilityService
FN:25,ListProvidersDayAvailabilityService.execute
FNF:15
FNH:13
FNDA:1,__decorate
FNDA:1,__metadata
FNDA:1,__param
FNDA:1,__awaiter
FNDA:1,adopt
FNDA:1,fulfilled
FNDA:0,rejected
FNDA:2,step
FNDA:1,__generator
FNDA:1,sent
FNDA:0,g.<computed>
FNDA:3,verb
FNDA:2,step
FNDA:1,ListProvidersDayAvailabilityService
FNDA:1,ListProvidersDayAvailabilityService.execute
DA:1,1
DA:2,1
DA:3,1
DA:4,1
DA:5,1
DA:6,1
DA:7,1
DA:8,1
DA:9,1
DA:10,1
DA:11,1
DA:12,1
DA:13,1
DA:14,1
DA:15,1
DA:16,1
DA:17,1
DA:18,1
DA:19,1
DA:20,1
DA:21,1
DA:22,1
DA:23,1
DA:24,1
DA:25,1
DA:26,1
DA:27,1
DA:28,1
DA:29,1
DA:30,1
DA:31,1
DA:32,1
DA:33,1
DA:34,1
DA:35,1
DA:36,1
DA:37,1
DA:38,1
DA:39,1
DA:40,1
DA:41,1
DA:42,1
DA:43,1
DA:44,1
DA:45,1
DA:46,1
DA:47,1
DA:48,1
DA:49,1
DA:50,10
DA:51,10
DA:52,10
DA:53,10
DA:54,10
DA:55,10
DA:56,10
DA:57,10
DA:58,10
DA:59,10
DA:60,1
DA:61,1
DA:62,1
DA:63,1
DA:64,1
LF:64
LH:64
BRDA:64,0,0,1
BRDA:64,1,0,1
BRDA:64,2,0,0
BRDA:64,3,0,0
BRDA:64,4,0,0
BRDA:64,5,0,0
BRDA:64,6,0,1
BRDA:64,7,0,1
BRDA:64,8,0,1
BRDA:64,9,0,1
BRDA:64,10,0,1
BRDA:64,11,0,0
BRDA:64,12,0,1
BRDA:64,13,0,1
BRDA:64,14,0,0
BRDA:64,15,0,2
BRDA:64,16,0,1
BRDA:64,17,0,1
BRDA:64,18,0,1
BRDA:64,19,0,1
BRDA:64,20,0,0
BRDA:64,21,0,3
BRDA:64,22,0,2
BRDA:64,23,0,2
BRDA:64,24,0,0
BRDA:64,25,0,4
BRDA:64,26,0,0
BRDA:64,27,0,0
BRDA:64,28,0,0
BRDA:64,29,0,0
BRDA:64,30,0,2
BRDA:64,31,0,2
BRDA:64,32,0,1
BRDA:64,33,0,0
BRDA:64,34,0,0
BRDA:64,35,0,1
BRDA:64,36,0,0
BRDA:64,37,0,0
BRDA:64,38,0,0
BRDA:64,39,0,0
BRDA:64,40,0,0
BRDA:64,41,0,2
BRDA:64,42,0,0
BRDA:64,43,0,2
BRDA:64,44,0,1
BRDA:64,45,0,0
BRDA:64,46,0,1
BRDA:64,47,0,0
BRDA:19,48,0,1
BRDA:20,49,0,1
BRDA:25,50,0,1
BRDA:64,51,0,1
BRDA:64,52,0,2
BRDA:31,53,0,1
BRDA:64,54,0,1
BRDA:44,55,0,10
BRDA:49,56,0,10
BRDA:58,57,0,8
BRDA:51,58,0,19
BRF:59
BRH:37
end_of_record
TN:
SF:src/modules/appointments/services/ListProviderMonthAvailability.ts
FN:58,__decorate
FN:58,__metadata
FN:58,__param
FN:58,__awaiter
FN:58,adopt
FN:58,fulfilled
FN:58,rejected
FN:58,step
FN:58,__generator
FN:58,sent
FN:58,g.<computed>
FN:58,verb
FN:58,step
FN:20,ListProvidersMonthAvailabilityService
FN:25,ListProvidersMonthAvailabilityService.execute
FNF:15
FNH:13
FNDA:1,__decorate
FNDA:1,__metadata
FNDA:1,__param
FNDA:1,__awaiter
FNDA:1,adopt
FNDA:1,fulfilled
FNDA:0,rejected
FNDA:2,step
FNDA:1,__generator
FNDA:1,sent
FNDA:0,g.<computed>
FNDA:3,verb
FNDA:2,step
FNDA:1,ListProvidersMonthAvailabilityService
FNDA:1,ListProvidersMonthAvailabilityService.execute
DA:1,1
DA:2,1
DA:3,1
DA:4,1
DA:5,1
DA:6,1
DA:7,1
DA:8,1
DA:9,1
DA:10,1
DA:11,1
DA:12,1
DA:13,1
DA:14,1
DA:15,1
DA:16,1
DA:17,1
DA:18,1
DA:19,1
DA:20,1
DA:21,1
DA:22,1
DA:23,1
DA:24,1
DA:25,1
DA:26,1
DA:27,1
DA:28,1
DA:29,1
DA:30,1
DA:31,1
DA:32,1
DA:33,1
DA:34,1
DA:35,1
DA:36,1
DA:37,1
DA:38,1
DA:39,1
DA:40,1
DA:41,1
DA:42,1
DA:43,1
DA:44,1
DA:45,1
DA:46,31
DA:47,341
DA:48,31
DA:49,31
DA:50,31
DA:51,31
DA:52,31
DA:53,31
DA:54,1
DA:55,1
DA:56,1
DA:57,1
DA:58,1
LF:58
LH:58
BRDA:58,0,0,1
BRDA:58,1,0,1
BRDA:58,2,0,0
BRDA:58,3,0,0
BRDA:58,4,0,0
BRDA:58,5,0,0
BRDA:58,6,0,1
BRDA:58,7,0,1
BRDA:58,8,0,1
BRDA:58,9,0,1
BRDA:58,10,0,1
BRDA:58,11,0,0
BRDA:58,12,0,1
BRDA:58,13,0,1
BRDA:58,14,0,0
BRDA:58,15,0,2
BRDA:58,16,0,1
BRDA:58,17,0,1
BRDA:58,18,0,1
BRDA:58,19,0,1
BRDA:58,20,0,0
BRDA:58,21,0,3
BRDA:58,22,0,2
BRDA:58,23,0,2
BRDA:58,24,0,0
BRDA:58,25,0,4
BRDA:58,26,0,0
BRDA:58,27,0,0
BRDA:58,28,0,0
BRDA:58,29,0,0
BRDA:58,30,0,2
BRDA:58,31,0,2
BRDA:58,32,0,1
BRDA:58,33,0,0
BRDA:58,34,0,0
BRDA:58,35,0,1
BRDA:58,36,0,0
BRDA:58,37,0,0
BRDA:58,38,0,0
BRDA:58,39,0,0
BRDA:58,40,0,0
BRDA:58,41,0,2
BRDA:58,42,0,0
BRDA:58,43,0,2
BRDA:58,44,0,1
BRDA:58,45,0,0
BRDA:58,46,0,1
BRDA:58,47,0,0
BRDA:19,48,0,1
BRDA:20,49,0,1
BRDA:25,50,0,1
BRDA:58,51,0,1
BRDA:58,52,0,2
BRDA:30,53,0,1
BRDA:58,54,0,1
BRDA:42,55,0,31
BRDA:45,56,0,31
BRDA:46,57,0,341
BRF:58
BRH:36
end_of_record
TN:
SF:src/modules/appointments/services/ListProvidersServices.ts
FN:24,__decorate
FN:24,__metadata
FN:24,__param
FN:24,__awaiter
FN:24,adopt
FN:24,fulfilled
FN:24,rejected
FN:24,step
FN:24,__generator
FN:24,sent
FN:24,g.<computed>
FN:24,verb
FN:24,step
FN:12,ListProvidersService
FN:17,ListProvidersService.execute
FNF:15
FNH:13
FNDA:1,__decorate
FNDA:1,__metadata
FNDA:1,__param
FNDA:1,__awaiter
FNDA:1,adopt
FNDA:1,fulfilled
FNDA:0,rejected
FNDA:2,step
FNDA:1,__generator
FNDA:1,sent
FNDA:0,g.<computed>
FNDA:3,verb
FNDA:2,step
FNDA:1,ListProvidersService
FNDA:1,ListProvidersService.execute
DA:1,1
DA:2,1
DA:3,1
DA:4,1
DA:5,1
DA:6,1
DA:7,1
DA:8,1
DA:9,1
DA:10,1
DA:11,1
DA:12,1
DA:13,1
DA:14,1
DA:15,1
DA:16,1
DA:17,1
DA:18,1
DA:19,1
DA:20,1
DA:21,1
DA:22,1
DA:23,1
DA:24,1
LF:24
LH:24
BRDA:24,0,0,1
BRDA:24,1,0,1
BRDA:24,2,0,0
BRDA:24,3,0,0
BRDA:24,4,0,0
BRDA:24,5,0,0
BRDA:24,6,0,1
BRDA:24,7,0,1
BRDA:24,8,0,1
BRDA:24,9,0,1
BRDA:24,10,0,1
BRDA:24,11,0,0
BRDA:24,12,0,1
BRDA:24,13,0,1
BRDA:24,14,0,0
BRDA:24,15,0,2
BRDA:24,16,0,1
BRDA:24,17,0,1
BRDA:24,18,0,1
BRDA:24,19,0,1
BRDA:24,20,0,0
BRDA:24,21,0,3
BRDA:24,22,0,2
BRDA:24,23,0,2
BRDA:24,24,0,0
BRDA:24,25,0,4
BRDA:24,26,0,0
BRDA:24,27,0,0
BRDA:24,28,0,0
BRDA:24,29,0,0
BRDA:24,30,0,2
BRDA:24,31,0,2
BRDA:24,32,0,1
BRDA:24,33,0,0
BRDA:24,34,0,0
BRDA:24,35,0,1
BRDA:24,36,0,0
BRDA:24,37,0,0
BRDA:24,38,0,0
BRDA:24,39,0,0
BRDA:24,40,0,0
BRDA:24,41,0,2
BRDA:24,42,0,0
BRDA:24,43,0,2
BRDA:24,44,0,1
BRDA:24,45,0,0
BRDA:24,46,0,1
BRDA:24,47,0,0
BRDA:11,48,0,1
BRDA:12,49,0,1
BRDA:17,50,0,1
BRDA:24,51,0,1
BRDA:24,52,0,2
BRDA:18,53,0,1
BRDA:24,54,0,1
BRF:55
BRH:33
end_of_record
TN:
SF:src/modules/users/services/AuthenticateUserService.ts
FN:52,__decorate
FN:52,__metadata
FN:52,__param
FN:52,__awaiter
FN:52,adopt
FN:52,fulfilled
FN:52,rejected
FN:52,step
FN:52,__generator
FN:52,sent
FN:52,g.<computed>
FN:52,verb
FN:52,step
FN:52,__importDefault
FN:21,AuthenticateUserService
FN:28,AuthenticateUserService.execute
FNF:16
FNH:14
FNDA:1,__decorate
FNDA:1,__metadata
FNDA:2,__param
FNDA:3,__awaiter
FNDA:5,adopt
FNDA:5,fulfilled
FNDA:0,rejected
FNDA:6,step
FNDA:3,__generator
FNDA:5,sent
FNDA:0,g.<computed>
FNDA:9,verb
FNDA:8,step
FNDA:2,__importDefault
FNDA:3,AuthenticateUserService
FNDA:3,AuthenticateUserService.execute
DA:1,1
DA:2,1
DA:3,1
DA:4,1
DA:5,1
DA:6,1
DA:7,1
DA:8,1
DA:9,1
DA:10,1
DA:11,1
DA:12,1
DA:13,1
DA:14,1
DA:15,1
DA:16,1
DA:17,1
DA:18,1
DA:19,1
DA:20,1
DA:21,1
DA:22,3
DA:23,3
DA:24,3
DA:25,3
DA:26,3
DA:27,1
DA:28,1
DA:29,3
DA:30,3
DA:31,3
DA:32,1
DA:33,1
DA:34,2
DA:35,2
DA:36,2
DA:37,2
DA:38,3
DA:39,1
DA:40,1
DA:41,1
DA:42,1
DA:43,1
DA:44,1
DA:45,1
DA:46,1
DA:47,1
DA:48,1
DA:49,3
DA:50,1
DA:51,1
DA:52,1
LF:52
LH:52
BRDA:52,0,0,1
BRDA:52,1,0,1
BRDA:52,2,0,0
BRDA:52,3,0,0
BRDA:52,4,0,0
BRDA:52,5,0,0
BRDA:52,6,0,1
BRDA:52,7,0,2
BRDA:52,8,0,2
BRDA:52,9,0,3
BRDA:52,10,0,5
BRDA:52,11,0,0
BRDA:52,12,0,3
BRDA:52,13,0,5
BRDA:52,14,0,3
BRDA:52,15,0,2
BRDA:52,16,0,6
BRDA:52,17,0,1
BRDA:52,18,0,5
BRDA:52,19,0,3
BRDA:52,20,0,5
BRDA:52,21,0,0
BRDA:52,22,0,9
BRDA:52,23,0,8
BRDA:52,24,0,8
BRDA:52,25,0,0
BRDA:52,26,0,16
BRDA:52,27,0,0
BRDA:52,28,0,0
BRDA:52,29,0,0
BRDA:52,30,0,0
BRDA:52,31,0,8
BRDA:52,32,0,8
BRDA:52,33,0,5
BRDA:52,34,0,0
BRDA:52,35,0,0
BRDA:52,36,0,3
BRDA:52,37,0,0
BRDA:52,38,0,1
BRDA:52,39,0,0
BRDA:52,40,0,0
BRDA:52,41,0,0
BRDA:52,42,0,0
BRDA:52,43,0,8
BRDA:52,44,0,6
BRDA:52,45,0,2
BRDA:52,46,0,8
BRDA:52,47,0,3
BRDA:52,48,0,2
BRDA:52,49,0,1
BRDA:52,50,0,0
BRDA:52,51,0,2
BRDA:52,52,0,0
BRDA:20,53,0,1
BRDA:21,54,0,3
BRDA:28,55,0,3
BRDA:52,56,0,3
BRDA:52,57,0,8
BRDA:29,58,0,3
BRDA:52,59,0,3
BRDA:31,60,0,1
BRDA:33,61,0,2
BRDA:52,62,0,2
BRDA:38,63,0,1
BRF:64
BRH:44
end_of_record
TN:
SF:src/modules/users/services/CreateUserService.ts
FN:40,__decorate
FN:40,__metadata
FN:40,__param
FN:40,__awaiter
FN:40,adopt
FN:40,fulfilled
FN:40,rejected
FN:40,step
FN:40,__generator
FN:40,sent
FN:40,g.<computed>
FN:40,verb
FN:40,step
FN:40,__importDefault
FN:16,CreateUserService
FN:23,CreateUserService.execute
FNF:16
FNH:14
FNDA:2,__decorate
FNDA:2,__metadata
FNDA:4,__param
FNDA:5,__awaiter
FNDA:9,adopt
FNDA:9,fulfilled
FNDA:0,rejected
FNDA:13,step
FNDA:5,__generator
FNDA:9,sent
FNDA:0,g.<computed>
FNDA:15,verb
FNDA:14,step
FNDA:2,__importDefault
FNDA:5,CreateUserService
FNDA:5,CreateUserService.execute
DA:1,1
DA:2,1
DA:3,1
DA:4,1
DA:5,1
DA:6,1
DA:7,1
DA:8,1
DA:9,1
DA:10,1
DA:11,1
DA:12,1
DA:13,1
DA:14,1
DA:15,2
DA:16,2
DA:17,5
DA:18,5
DA:19,5
DA:20,5
DA:21,5
DA:22,2
DA:23,2
DA:24,5
DA:25,5
DA:26,5
DA:27,1
DA:28,1
DA:29,4
DA:30,4
DA:31,5
DA:32,5
DA:33,5
DA:34,5
DA:35,5
DA:36,5
DA:37,5
DA:38,2
DA:39,1
DA:40,1
LF:40
LH:40
BRDA:40,0,0,2
BRDA:40,1,0,2
BRDA:40,2,0,0
BRDA:40,3,0,0
BRDA:40,4,0,0
BRDA:40,5,0,0
BRDA:40,6,0,2
BRDA:40,7,0,4
BRDA:40,8,0,4
BRDA:40,9,0,5
BRDA:40,10,0,9
BRDA:40,11,0,0
BRDA:40,12,0,5
BRDA:40,13,0,9
BRDA:40,14,0,8
BRDA:40,15,0,1
BRDA:40,16,0,13
BRDA:40,17,0,4
BRDA:40,18,0,9
BRDA:40,19,0,5
BRDA:40,20,0,9
BRDA:40,21,0,0
BRDA:40,22,0,15
BRDA:40,23,0,14
BRDA:40,24,0,14
BRDA:40,25,0,0
BRDA:40,26,0,28
BRDA:40,27,0,0
BRDA:40,28,0,0
BRDA:40,29,0,0
BRDA:40,30,0,0
BRDA:40,31,0,14
BRDA:40,32,0,14
BRDA:40,33,0,9
BRDA:40,34,0,0
BRDA:40,35,0,0
BRDA:40,36,0,5
BRDA:40,37,0,0
BRDA:40,38,0,4
BRDA:40,39,0,0
BRDA:40,40,0,0
BRDA:40,41,0,0
BRDA:40,42,0,0
BRDA:40,43,0,22
BRDA:40,44,0,14
BRDA:40,45,0,13
BRDA:40,46,0,1
BRDA:40,47,0,14
BRDA:40,48,0,5
BRDA:40,49,0,1
BRDA:40,50,0,4
BRDA:40,51,0,0
BRDA:40,52,0,2
BRDA:40,53,0,0
BRDA:15,54,0,2
BRDA:16,55,0,5
BRDA:23,56,0,5
BRDA:40,57,0,5
BRDA:40,58,0,14
BRDA:24,59,0,5
BRDA:40,60,0,5
BRDA:26,61,0,1
BRDA:28,62,0,4
BRDA:40,63,0,4
BRF:64
BRH:44
end_of_record
TN:
SF:src/modules/users/services/ResetPasswordService.ts
FN:49,__decorate
FN:49,__metadata
FN:49,__param
FN:49,__awaiter
FN:49,adopt
FN:49,fulfilled
FN:49,rejected
FN:49,step
FN:49,__generator
FN:49,sent
FN:49,g.<computed>
FN:49,verb
FN:49,step
FN:49,__importDefault
FN:16,SendForgotPasswordEmailService
FN:25,SendForgotPasswordEmailService.execute
FNF:16
FNH:14
FNDA:1,__decorate
FNDA:1,__metadata
FNDA:3,__param
FNDA:4,__awaiter
FNDA:9,adopt
FNDA:9,fulfilled
FNDA:0,rejected
FNDA:10,step
FNDA:4,__generator
FNDA:9,sent
FNDA:0,g.<computed>
FNDA:12,verb
FNDA:13,step
FNDA:1,__importDefault
FNDA:4,SendForgotPasswordEmailService
FNDA:4,SendForgotPasswordEmailService.execute
DA:1,1
DA:2,1
DA:3,1
DA:4,1
DA:5,1
DA:6,1
DA:7,1
DA:8,1
DA:9,1
DA:10,1
DA:11,1
DA:12,1
DA:13,1
DA:14,1
DA:15,1
DA:16,1
DA:17,4
DA:18,4
DA:19,4
DA:20,4
DA:21,4
DA:22,4
DA:23,4
DA:24,1
DA:25,1
DA:26,4
DA:27,4
DA:28,1
DA:29,1
DA:30,3
DA:31,4
DA:32,4
DA:33,1
DA:34,1
DA:35,2
DA:36,2
DA:37,2
DA:38,2
DA:39,4
DA:40,1
DA:41,1
DA:42,1
DA:43,1
DA:44,4
DA:45,4
DA:46,4
DA:47,1
DA:48,1
DA:49,1
LF:49
LH:49
BRDA:49,0,0,1
BRDA:49,1,0,1
BRDA:49,2,0,0
BRDA:49,3,0,0
BRDA:49,4,0,0
BRDA:49,5,0,0
BRDA:49,6,0,1
BRDA:49,7,0,3
BRDA:49,8,0,3
BRDA:49,9,0,4
BRDA:49,10,0,9
BRDA:49,11,0,0
BRDA:49,12,0,4
BRDA:49,13,0,9
BRDA:49,14,0,6
BRDA:49,15,0,3
BRDA:49,16,0,10
BRDA:49,17,0,1
BRDA:49,18,0,9
BRDA:49,19,0,4
BRDA:49,20,0,9
BRDA:49,21,0,0
BRDA:49,22,0,12
BRDA:49,23,0,13
BRDA:49,24,0,13
BRDA:49,25,0,0
BRDA:49,26,0,26
BRDA:49,27,0,0
BRDA:49,28,0,0
BRDA:49,29,0,0
BRDA:49,30,0,0
BRDA:49,31,0,13
BRDA:49,32,0,13
BRDA:49,33,0,9
BRDA:49,34,0,0
BRDA:49,35,0,0
BRDA:49,36,0,4
BRDA:49,37,0,0
BRDA:49,38,0,1
BRDA:49,39,0,0
BRDA:49,40,0,0
BRDA:49,41,0,0
BRDA:49,42,0,0
BRDA:49,43,0,13
BRDA:49,44,0,10
BRDA:49,45,0,3
BRDA:49,46,0,13
BRDA:49,47,0,4
BRDA:49,48,0,3
BRDA:49,49,0,1
BRDA:49,50,0,0
BRDA:49,51,0,1
BRDA:49,52,0,0
BRDA:15,53,0,1
BRDA:16,54,0,4
BRDA:25,55,0,4
BRDA:49,56,0,4
BRDA:49,57,0,13
BRDA:26,58,0,4
BRDA:49,59,0,4
BRDA:27,60,0,1
BRDA:29,61,0,3
BRDA:49,62,0,3
BRDA:32,63,0,1
BRDA:34,64,0,2
BRDA:39,65,0,1
BRDA:49,66,0,1
BRDA:49,67,0,1
BRF:68
BRH:48
end_of_record
TN:
SF:src/modules/users/services/SendForgotPasswordEmailService.ts
FN:56,__decorate
FN:56,__metadata
FN:56,__param
FN:56,__awaiter
FN:56,adopt
FN:56,fulfilled
FN:56,rejected
FN:56,step
FN:56,__generator
FN:56,sent
FN:56,g.<computed>
FN:56,verb
FN:56,step
FN:56,__importDefault
FN:15,SendForgotPasswordEmailService
FN:24,SendForgotPasswordEmailService.execute
FNF:16
FNH:14
FNDA:1,__decorate
FNDA:1,__metadata
FNDA:3,__param
FNDA:3,__awaiter
FNDA:7,adopt
FNDA:7,fulfilled
FNDA:0,rejected
FNDA:9,step
FNDA:3,__generator
FNDA:7,sent
FNDA:0,g.<computed>
FNDA:9,verb
FNDA:10,step
FNDA:1,__importDefault
FNDA:3,SendForgotPasswordEmailService
FNDA:3,SendForgotPasswordEmailService.execute
DA:1,1
DA:2,1
DA:3,1
DA:4,1
DA:5,1
DA:6,1
DA:7,1
DA:8,1
DA:9,1
DA:10,1
DA:11,1
DA:12,1
DA:13,1
DA:14,1
DA:15,1
DA:16,3
DA:17,3
DA:18,3
DA:19,3
DA:20,3
DA:21,3
DA:22,3
DA:23,1
DA:24,1
DA:25,3
DA:26,3
DA:27,3
DA:28,1
DA:29,1
DA:30,2
DA:31,3
DA:32,3
DA:33,3
DA:34,3
DA:35,3
DA:36,3
DA:37,3
DA:38,3
DA:39,3
DA:40,3
DA:41,3
DA:42,3
DA:43,3
DA:44,3
DA:45,3
DA:46,3
DA:47,3
DA:48,3
DA:49,3
DA:50,3
DA:51,3
DA:52,3
DA:53,3
DA:54,1
DA:55,1
DA:56,1
LF:56
LH:56
BRDA:56,0,0,1
BRDA:56,1,0,1
BRDA:56,2,0,0
BRDA:56,3,0,0
BRDA:56,4,0,0
BRDA:56,5,0,0
BRDA:56,6,0,1
BRDA:56,7,0,3
BRDA:56,8,0,3
BRDA:56,9,0,3
BRDA:56,10,0,7
BRDA:56,11,0,0
BRDA:56,12,0,3
BRDA:56,13,0,7
BRDA:56,14,0,6
BRDA:56,15,0,1
BRDA:56,16,0,9
BRDA:56,17,0,2
BRDA:56,18,0,7
BRDA:56,19,0,3
BRDA:56,20,0,7
BRDA:56,21,0,0
BRDA:56,22,0,9
BRDA:56,23,0,10
BRDA:56,24,0,10
BRDA:56,25,0,0
BRDA:56,26,0,20
BRDA:56,27,0,0
BRDA:56,28,0,0
BRDA:56,29,0,0
BRDA:56,30,0,0
BRDA:56,31,0,10
BRDA:56,32,0,10
BRDA:56,33,0,7
BRDA:56,34,0,0
BRDA:56,35,0,0
BRDA:56,36,0,3
BRDA:56,37,0,0
BRDA:56,38,0,2
BRDA:56,39,0,0
BRDA:56,40,0,0
BRDA:56,41,0,0
BRDA:56,42,0,0
BRDA:56,43,0,10
BRDA:56,44,0,9
BRDA:56,45,0,1
BRDA:56,46,0,10
BRDA:56,47,0,3
BRDA:56,48,0,1
BRDA:56,49,0,2
BRDA:56,50,0,0
BRDA:56,51,0,1
BRDA:56,52,0,0
BRDA:14,53,0,1
BRDA:15,54,0,3
BRDA:24,55,0,3
BRDA:56,56,0,3
BRDA:56,57,0,10
BRDA:25,58,0,3
BRDA:56,59,0,3
BRDA:27,60,0,1
BRDA:29,61,0,2
BRDA:56,62,0,2
BRDA:56,63,0,2
BRF:64
BRH:44
end_of_record
TN:
SF:src/modules/users/services/ShowProfileService.ts
FN:27,__decorate
FN:27,__metadata
FN:27,__param
FN:27,__awaiter
FN:27,adopt
FN:27,fulfilled
FN:27,rejected
FN:27,step
FN:27,__generator
FN:27,sent
FN:27,g.<computed>
FN:27,verb
FN:27,step
FN:27,__importDefault
FN:13,ShowProfileService
FN:18,ShowProfileService.execute
FNF:16
FNH:14
FNDA:1,__decorate
FNDA:1,__metadata
FNDA:1,__param
FNDA:2,__awaiter
FNDA:2,adopt
FNDA:2,fulfilled
FNDA:0,rejected
FNDA:3,step
FNDA:2,__generator
FNDA:2,sent
FNDA:0,g.<computed>
FNDA:6,verb
FNDA:4,step
FNDA:1,__importDefault
FNDA:2,ShowProfileService
FNDA:2,ShowProfileService.execute
DA:1,1
DA:2,1
DA:3,1
DA:4,1
DA:5,1
DA:6,1
DA:7,1
DA:8,1
DA:9,1
DA:10,1
DA:11,1
DA:12,1
DA:13,1
DA:14,2
DA:15,2
DA:16,2
DA:17,1
DA:18,1
DA:19,2
DA:20,2
DA:21,2
DA:22,1
DA:23,1
DA:24,1
DA:25,1
DA:26,2
DA:27,1
LF:27
LH:27
BRDA:27,0,0,1
BRDA:27,1,0,1
BRDA:27,2,0,0
BRDA:27,3,0,0
BRDA:27,4,0,0
BRDA:27,5,0,0
BRDA:27,6,0,1
BRDA:27,7,0,1
BRDA:27,8,0,1
BRDA:27,9,0,2
BRDA:27,10,0,2
BRDA:27,11,0,0
BRDA:27,12,0,2
BRDA:27,13,0,2
BRDA:27,14,0,1
BRDA:27,15,0,3
BRDA:27,16,0,1
BRDA:27,17,0,2
BRDA:27,18,0,2
BRDA:27,19,0,2
BRDA:27,20,0,0
BRDA:27,21,0,6
BRDA:27,22,0,4
BRDA:27,23,0,4
BRDA:27,24,0,0
BRDA:27,25,0,8
BRDA:27,26,0,0
BRDA:27,27,0,0
BRDA:27,28,0,0
BRDA:27,29,0,0
BRDA:27,30,0,4
BRDA:27,31,0,4
BRDA:27,32,0,2
BRDA:27,33,0,0
BRDA:27,34,0,0
BRDA:27,35,0,2
BRDA:27,36,0,0
BRDA:27,37,0,1
BRDA:27,38,0,0
BRDA:27,39,0,0
BRDA:27,40,0,0
BRDA:27,41,0,0
BRDA:27,42,0,4
BRDA:27,43,0,3
BRDA:27,44,0,1
BRDA:27,45,0,4
BRDA:27,46,0,2
BRDA:27,47,0,1
BRDA:27,48,0,0
BRDA:27,49,0,1
BRDA:27,50,0,0
BRDA:12,51,0,1
BRDA:13,52,0,2
BRDA:18,53,0,2
BRDA:27,54,0,2
BRDA:27,55,0,4
BRDA:19,56,0,2
BRDA:27,57,0,2
BRDA:21,58,0,1
BRF:59
BRH:39
end_of_record
TN:
SF:src/modules/users/services/UpdateProfileService.ts
FN:67,__decorate
FN:67,__metadata
FN:67,__param
FN:67,__awaiter
FN:67,adopt
FN:67,fulfilled
FN:67,rejected
FN:67,step
FN:67,__generator
FN:67,sent
FN:67,g.<computed>
FN:67,verb
FN:67,step
FN:67,__importDefault
FN:18,UpdateProfile
FN:25,UpdateProfile.execute
FNF:16
FNH:14
FNDA:1,__decorate
FNDA:1,__metadata
FNDA:2,__param
FNDA:6,__awaiter
FNDA:14,adopt
FNDA:14,fulfilled
FNDA:0,rejected
FNDA:16,step
FNDA:6,__generator
FNDA:14,sent
FNDA:0,g.<computed>
FNDA:18,verb
FNDA:20,step
FNDA:1,__importDefault
FNDA:6,UpdateProfile
FNDA:6,UpdateProfile.execute
DA:1,1
DA:2,1
DA:3,1
DA:4,1
DA:5,1
DA:6,1
DA:7,1
DA:8,1
DA:9,1
DA:10,1
DA:11,1
DA:12,1
DA:13,1
DA:14,1
DA:15,1
DA:16,1
DA:17,1
DA:18,1
DA:19,6
DA:20,6
DA:21,6
DA:22,6
DA:23,6
DA:24,1
DA:25,1
DA:26,6
DA:27,6
DA:28,6
DA:29,6
DA:30,6
DA:31,6
DA:32,6
DA:33,6
DA:34,6
DA:35,1
DA:36,1
DA:37,5
DA:38,6
DA:39,6
DA:40,1
DA:41,1
DA:42,4
DA:43,4
DA:44,4
DA:45,4
DA:46,6
DA:47,1
DA:48,1
DA:49,1
DA:50,1
DA:51,3
DA:52,6
DA:53,2
DA:54,2
DA:55,2
DA:56,2
DA:57,6
DA:58,6
DA:59,1
DA:60,1
DA:61,1
DA:62,1
DA:63,6
DA:64,6
DA:65,6
DA:66,6
DA:67,1
LF:67
LH:67
BRDA:67,0,0,1
BRDA:67,1,0,1
BRDA:67,2,0,0
BRDA:67,3,0,0
BRDA:67,4,0,0
BRDA:67,5,0,0
BRDA:67,6,0,1
BRDA:67,7,0,2
BRDA:67,8,0,2
BRDA:67,9,0,6
BRDA:67,10,0,14
BRDA:67,11,0,0
BRDA:67,12,0,6
BRDA:67,13,0,14
BRDA:67,14,0,10
BRDA:67,15,0,4
BRDA:67,16,0,16
BRDA:67,17,0,2
BRDA:67,18,0,14
BRDA:67,19,0,6
BRDA:67,20,0,14
BRDA:67,21,0,0
BRDA:67,22,0,18
BRDA:67,23,0,20
BRDA:67,24,0,20
BRDA:67,25,0,0
BRDA:67,26,0,41
BRDA:67,27,0,0
BRDA:67,28,0,0
BRDA:67,29,0,0
BRDA:67,30,0,0
BRDA:67,31,0,20
BRDA:67,32,0,20
BRDA:67,33,0,14
BRDA:67,34,0,0
BRDA:67,35,0,0
BRDA:67,36,0,7
BRDA:67,37,0,0
BRDA:67,38,0,3
BRDA:67,39,0,6
BRDA:67,40,0,1
BRDA:67,41,0,0
BRDA:67,42,0,1
BRDA:67,43,0,0
BRDA:67,44,0,0
BRDA:67,45,0,0
BRDA:67,46,0,21
BRDA:67,47,0,17
BRDA:67,48,0,4
BRDA:67,49,0,21
BRDA:67,50,0,6
BRDA:67,51,0,4
BRDA:67,52,0,2
BRDA:67,53,0,0
BRDA:67,54,0,1
BRDA:67,55,0,0
BRDA:17,56,0,1
BRDA:18,57,0,6
BRDA:25,58,0,6
BRDA:67,59,0,6
BRDA:67,60,0,21
BRDA:32,61,0,6
BRDA:67,62,0,6
BRDA:34,63,0,1
BRDA:36,64,0,5
BRDA:67,65,0,5
BRDA:39,66,0,1
BRDA:39,67,0,1
BRDA:41,68,0,4
BRDA:46,69,0,3
BRDA:46,70,0,1
BRDA:50,71,0,3
BRDA:52,72,0,2
BRDA:52,73,0,1
BRDA:52,74,0,2
BRDA:67,75,0,2
BRDA:58,76,0,1
BRDA:67,77,0,1
BRDA:65,78,0,2
BRF:79
BRH:59
end_of_record
TN:
SF:src/modules/users/services/UpdateUserAvatarService.ts
FN:45,__decorate
FN:45,__metadata
FN:45,__param
FN:45,__awaiter
FN:45,adopt
FN:45,fulfilled
FN:45,rejected
FN:45,step
FN:45,__generator
FN:45,sent
FN:45,g.<computed>
FN:45,verb
FN:45,step
FN:45,__importDefault
FN:18,UpdateUserAvatarService
FN:25,UpdateUserAvatarService.execute
FNF:16
FNH:14
FNDA:1,__decorate
FNDA:1,__metadata
FNDA:2,__param
FNDA:4,__awaiter
FNDA:11,adopt
FNDA:11,fulfilled
FNDA:0,rejected
FNDA:14,step
FNDA:4,__generator
FNDA:11,sent
FNDA:0,g.<computed>
FNDA:12,verb
FNDA:15,step
FNDA:1,__importDefault
FNDA:3,UpdateUserAvatarService
FNDA:4,UpdateUserAvatarService.execute
DA:1,1
DA:2,1
DA:3,1
DA:4,1
DA:5,1
DA:6,1
DA:7,1
DA:8,1
DA:9,1
DA:10,1
DA:11,1
DA:12,1
DA:13,1
DA:14,1
DA:15,1
DA:16,1
DA:17,1
DA:18,1
DA:19,3
DA:20,3
DA:21,3
DA:22,3
DA:23,3
DA:24,1
DA:25,1
DA:26,4
DA:27,4
DA:28,4
DA:29,1
DA:30,1
DA:31,3
DA:32,3
DA:33,1
DA:34,4
DA:35,4
DA:36,4
DA:37,4
DA:38,4
DA:39,4
DA:40,4
DA:41,4
DA:42,4
DA:43,1
DA:44,1
DA:45,1
LF:45
LH:45
BRDA:45,0,0,1
BRDA:45,1,0,1
BRDA:45,2,0,0
BRDA:45,3,0,0
BRDA:45,4,0,0
BRDA:45,5,0,0
BRDA:45,6,0,1
BRDA:45,7,0,2
BRDA:45,8,0,2
BRDA:45,9,0,4
BRDA:45,10,0,11
BRDA:45,11,0,0
BRDA:45,12,0,4
BRDA:45,13,0,11
BRDA:45,14,0,10
BRDA:45,15,0,1
BRDA:45,16,0,14
BRDA:45,17,0,3
BRDA:45,18,0,11
BRDA:45,19,0,4
BRDA:45,20,0,11
BRDA:45,21,0,0
BRDA:45,22,0,12
BRDA:45,23,0,15
BRDA:45,24,0,15
BRDA:45,25,0,0
BRDA:45,26,0,32
BRDA:45,27,0,0
BRDA:45,28,0,0
BRDA:45,29,0,0
BRDA:45,30,0,0
BRDA:45,31,0,15
BRDA:45,32,0,15
BRDA:45,33,0,11
BRDA:45,34,0,0
BRDA:45,35,0,0
BRDA:45,36,0,6
BRDA:45,37,0,0
BRDA:45,38,0,5
BRDA:45,39,0,4
BRDA:45,40,0,2
BRDA:45,41,0,0
BRDA:45,42,0,2
BRDA:45,43,0,0
BRDA:45,44,0,0
BRDA:45,45,0,0
BRDA:45,46,0,17
BRDA:45,47,0,16
BRDA:45,48,0,1
BRDA:45,49,0,17
BRDA:45,50,0,4
BRDA:45,51,0,1
BRDA:45,52,0,3
BRDA:45,53,0,0
BRDA:45,54,0,1
BRDA:45,55,0,0
BRDA:17,56,0,1
BRDA:18,57,0,3
BRDA:25,58,0,4
BRDA:45,59,0,4
BRDA:45,60,0,17
BRDA:26,61,0,4
BRDA:45,62,0,4
BRDA:28,63,0,1
BRDA:30,64,0,3
BRDA:32,65,0,2
BRDA:32,66,0,1
BRDA:45,67,0,1
BRDA:36,68,0,3
BRDA:45,69,0,3
BRDA:45,70,0,3
BRF:71
BRH:51
end_of_record
